Base path: '/Applications/Unity/Hub/Editor/2021.3.26f1/Unity.app/Contents', plugins path '/Applications/Unity/Hub/Editor/2021.3.26f1/PlaybackEngines'
Cmd: initializeCompiler

Cmd: compileComputeKernel
  insize=16000 file=Packages/com.aukilabs.unity.manna/Runtime/Resources/Shaders/GpuScannerV3/Bits.compute kernel=draw_debug cachingPP=1 ppOnly=0 stripLineD=0 buildPlatform=20 km=<UNITY_VERSION=202139> pKW=UNITY_ENABLE_REFLECTION_BUFFERS UNITY_USE_DITHER_MASK_FOR_ALPHABLENDED_SHADOWS UNITY_PBS_USE_BRDF1 UNITY_SPECCUBE_BOX_PROJECTION UNITY_SPECCUBE_BLENDING UNITY_ENABLE_DETAIL_NORMALMAP SHADER_API_DESKTOP UNITY_COLORSPACE_GAMMA UNITY_LIGHT_PROBE_PROXY_VOLUME UNITY_LIGHTMAP_FULL_HDR uKW=SHADER_STAGE_COMPUTE platform=gles3 flags=4096 reqs=16385 forceDXC=0 forceFXC=0  error: 1 plat 9 at Bits.compute(159): 'i': loop control variable conflicts with a previous declaration in the outer scope; most recent declaration will be used
  error: 1 plat 9 at Bits.compute(300): 'i': loop control variable conflicts with a previous declaration in the outer scope; most recent declaration will be used
 ok=1 outsize=29881

Cmd: compileComputeKernel
  insize=18178 file=Packages/com.aukilabs.unity.manna/Runtime/Resources/Shaders/GpuScannerV3/Markers.compute kernel=find_markers cachingPP=1 ppOnly=0 stripLineD=0 buildPlatform=20 km=<UNITY_VERSION=202139> pKW=UNITY_ENABLE_REFLECTION_BUFFERS UNITY_USE_DITHER_MASK_FOR_ALPHABLENDED_SHADOWS UNITY_PBS_USE_BRDF1 UNITY_SPECCUBE_BOX_PROJECTION UNITY_SPECCUBE_BLENDING UNITY_ENABLE_DETAIL_NORMALMAP SHADER_API_DESKTOP UNITY_COLORSPACE_GAMMA UNITY_LIGHT_PROBE_PROXY_VOLUME UNITY_LIGHTMAP_FULL_HDR uKW=SHADER_STAGE_COMPUTE platform=gles3 flags=4096 reqs=16385 forceDXC=0 forceFXC=0  error: 1 plat 9 at Markers.compute(117): 'i': loop control variable conflicts with a previous declaration in the outer scope; most recent declaration will be used
  error: 1 plat 9 at Markers.compute(119): array reference cannot be used as an l-value; not natively addressable, forcing loop to unroll
 ok=1 outsize=103131

Cmd: compileComputeKernel
  insize=15365 file=Packages/com.aukilabs.unity.manna/Runtime/Resources/Shaders/GpuScannerV2/Markers.compute kernel=clear_buffers cachingPP=1 ppOnly=0 stripLineD=0 buildPlatform=20 km=<UNITY_VERSION=202139> pKW=UNITY_ENABLE_REFLECTION_BUFFERS UNITY_USE_DITHER_MASK_FOR_ALPHABLENDED_SHADOWS UNITY_PBS_USE_BRDF1 UNITY_SPECCUBE_BOX_PROJECTION UNITY_SPECCUBE_BLENDING UNITY_ENABLE_DETAIL_NORMALMAP SHADER_API_DESKTOP UNITY_COLORSPACE_GAMMA UNITY_LIGHT_PROBE_PROXY_VOLUME UNITY_LIGHTMAP_FULL_HDR uKW=SHADER_STAGE_COMPUTE platform=gles3 flags=4096 reqs=16385 forceDXC=0 forceFXC=0  error: 1 plat 9 at Markers.compute(161): 'i': loop control variable conflicts with a previous declaration in the outer scope; most recent declaration will be used
  error: 1 plat 9 at Markers.compute(294): signed/unsigned mismatch, unsigned assumed
  error: 1 plat 9 at Markers.compute(317): 'i': loop control variable conflicts with a previous declaration in the outer scope; most recent declaration will be used
  error: 1 plat 9 at Markers.compute(317): signed/unsigned mismatch, unsigned assumed
 ok=1 outsize=834

Cmd: compileComputeKernel
  insize=13465 file=Packages/com.aukilabs.unity.manna/Runtime/Resources/Shaders/GpuScannerV2/Finders.compute kernel=clear_buffers cachingPP=1 ppOnly=0 stripLineD=0 buildPlatform=20 km=<UNITY_VERSION=202139> pKW=UNITY_ENABLE_REFLECTION_BUFFERS UNITY_USE_DITHER_MASK_FOR_ALPHABLENDED_SHADOWS UNITY_PBS_USE_BRDF1 UNITY_SPECCUBE_BOX_PROJECTION UNITY_SPECCUBE_BLENDING UNITY_ENABLE_DETAIL_NORMALMAP SHADER_API_DESKTOP UNITY_COLORSPACE_GAMMA UNITY_LIGHT_PROBE_PROXY_VOLUME UNITY_LIGHTMAP_FULL_HDR uKW=SHADER_STAGE_COMPUTE platform=gles3 flags=4096 reqs=16385 forceDXC=0 forceFXC=0  error: 1 plat 9 at Finders.compute(244): 'i': loop control variable conflicts with a previous declaration in the outer scope; most recent declaration will be used
  error: 1 plat 9 at Finders.compute(254): 'i': loop control variable conflicts with a previous declaration in the outer scope; most recent declaration will be used
  error: 1 plat 9 at Finders.compute(262): 'i': loop control variable conflicts with a previous declaration in the outer scope; most recent declaration will be used
  error: 1 plat 9 at Finders.compute(297): 'i': loop control variable conflicts with a previous declaration in the outer scope; most recent declaration will be used
 ok=1 outsize=1685

Cmd: shutdown
