Base path: '/Applications/Unity/Hub/Editor/2021.3.26f1/Unity.app/Contents', plugins path '/Applications/Unity/Hub/Editor/2021.3.26f1/PlaybackEngines'
Cmd: initializeCompiler

Cmd: compileComputeKernel
  insize=23243 file=Packages/com.aukilabs.unity.manna/Runtime/Resources/Shaders/GpuScannerV2/Bits.compute kernel=draw_debug cachingPP=1 ppOnly=0 stripLineD=0 buildPlatform=20 km=<UNITY_VERSION=202139> pKW=UNITY_ENABLE_REFLECTION_BUFFERS UNITY_USE_DITHER_MASK_FOR_ALPHABLENDED_SHADOWS UNITY_PBS_USE_BRDF1 UNITY_SPECCUBE_BOX_PROJECTION UNITY_SPECCUBE_BLENDING UNITY_ENABLE_DETAIL_NORMALMAP SHADER_API_DESKTOP UNITY_COLORSPACE_GAMMA UNITY_LIGHT_PROBE_PROXY_VOLUME UNITY_LIGHTMAP_FULL_HDR uKW=SHADER_STAGE_COMPUTE platform=gles3 flags=4096 reqs=16385 forceDXC=0 forceFXC=0  error: 1 plat 9 at /Users/daai6ga1hou2/Documents/GitHub/simple-shared-ar-experience/Library/PackageCache/com.aukilabs.unity.manna@0.6.58/Runtime/Resources/Shaders/GpuScannerV2/Drilling.cginc(128): integer divides may be much slower, try using uints if possible.
 ok=1 outsize=235933

Cmd: compileComputeKernel
  insize=18178 file=Packages/com.aukilabs.unity.manna/Runtime/Resources/Shaders/GpuScannerV3/Markers.compute kernel=draw_markers cachingPP=1 ppOnly=0 stripLineD=0 buildPlatform=20 km=<UNITY_VERSION=202139> pKW=UNITY_ENABLE_REFLECTION_BUFFERS UNITY_USE_DITHER_MASK_FOR_ALPHABLENDED_SHADOWS UNITY_PBS_USE_BRDF1 UNITY_SPECCUBE_BOX_PROJECTION UNITY_SPECCUBE_BLENDING UNITY_ENABLE_DETAIL_NORMALMAP SHADER_API_DESKTOP UNITY_COLORSPACE_GAMMA UNITY_LIGHT_PROBE_PROXY_VOLUME UNITY_LIGHTMAP_FULL_HDR uKW=SHADER_STAGE_COMPUTE platform=gles3 flags=4096 reqs=16385 forceDXC=0 forceFXC=0  error: 1 plat 9 at Markers.compute(117): 'i': loop control variable conflicts with a previous declaration in the outer scope; most recent declaration will be used
 ok=1 outsize=12107

Cmd: compileComputeKernel
  insize=15365 file=Packages/com.aukilabs.unity.manna/Runtime/Resources/Shaders/GpuScannerV2/Markers.compute kernel=find_markers cachingPP=1 ppOnly=0 stripLineD=0 buildPlatform=20 km=<UNITY_VERSION=202139> pKW=UNITY_ENABLE_REFLECTION_BUFFERS UNITY_USE_DITHER_MASK_FOR_ALPHABLENDED_SHADOWS UNITY_PBS_USE_BRDF1 UNITY_SPECCUBE_BOX_PROJECTION UNITY_SPECCUBE_BLENDING UNITY_ENABLE_DETAIL_NORMALMAP SHADER_API_DESKTOP UNITY_COLORSPACE_GAMMA UNITY_LIGHT_PROBE_PROXY_VOLUME UNITY_LIGHTMAP_FULL_HDR uKW=SHADER_STAGE_COMPUTE platform=gles3 flags=4096 reqs=16385 forceDXC=0 forceFXC=0  error: 1 plat 9 at /Users/daai6ga1hou2/Documents/GitHub/simple-shared-ar-experience/Library/PackageCache/com.aukilabs.unity.manna@0.6.58/Runtime/Resources/Shaders/GpuScannerV2/Drilling.cginc(87): integer divides may be much slower, try using uints if possible.
  error: 1 plat 9 at /Users/daai6ga1hou2/Documents/GitHub/simple-shared-ar-experience/Library/PackageCache/com.aukilabs.unity.manna@0.6.58/Runtime/Resources/Shaders/GpuScannerV2/Drilling.cginc(128): integer divides may be much slower, try using uints if possible.
  error: 1 plat 9 at /Users/daai6ga1hou2/Documents/GitHub/simple-shared-ar-experience/Library/PackageCache/com.aukilabs.unity.manna@0.6.58/Runtime/Resources/Shaders/GpuScannerV2/Drilling.cginc(187): integer divides may be much slower, try using uints if possible.
  error: 1 plat 9 at Markers.compute(161): 'i': loop control variable conflicts with a previous declaration in the outer scope; most recent declaration will be used
  error: 1 plat 9 at Markers.compute(163): array reference cannot be used as an l-value; not natively addressable, forcing loop to unroll
  error: 1 plat 9 at Markers.compute(294): signed/unsigned mismatch, unsigned assumed
  error: 1 plat 9 at Markers.compute(317): 'i': loop control variable conflicts with a previous declaration in the outer scope; most recent declaration will be used
  error: 1 plat 9 at Markers.compute(317): signed/unsigned mismatch, unsigned assumed
 ok=1 outsize=79407

Cmd: compileComputeKernel
  insize=13465 file=Packages/com.aukilabs.unity.manna/Runtime/Resources/Shaders/GpuScannerV2/Finders.compute kernel=mark_candidates cachingPP=1 ppOnly=0 stripLineD=0 buildPlatform=20 km=<UNITY_VERSION=202139> pKW=UNITY_ENABLE_REFLECTION_BUFFERS UNITY_USE_DITHER_MASK_FOR_ALPHABLENDED_SHADOWS UNITY_PBS_USE_BRDF1 UNITY_SPECCUBE_BOX_PROJECTION UNITY_SPECCUBE_BLENDING UNITY_ENABLE_DETAIL_NORMALMAP SHADER_API_DESKTOP UNITY_COLORSPACE_GAMMA UNITY_LIGHT_PROBE_PROXY_VOLUME UNITY_LIGHTMAP_FULL_HDR uKW=SHADER_STAGE_COMPUTE platform=gles3 flags=4096 reqs=16385 forceDXC=0 forceFXC=0  error: 1 plat 9 at Finders.compute(244): 'i': loop control variable conflicts with a previous declaration in the outer scope; most recent declaration will be used
  error: 1 plat 9 at Finders.compute(254): 'i': loop control variable conflicts with a previous declaration in the outer scope; most recent declaration will be used
  error: 1 plat 9 at Finders.compute(262): 'i': loop control variable conflicts with a previous declaration in the outer scope; most recent declaration will be used
  error: 1 plat 9 at Finders.compute(297): 'i': loop control variable conflicts with a previous declaration in the outer scope; most recent declaration will be used
 ok=1 outsize=227

Cmd: shutdown
