Base path: '/Applications/Unity/Hub/Editor/2021.3.26f1/Unity.app/Contents', plugins path '/Applications/Unity/Hub/Editor/2021.3.26f1/PlaybackEngines'
Cmd: initializeCompiler

Cmd: compileComputeKernel
  insize=23243 file=Packages/com.aukilabs.unity.manna/Runtime/Resources/Shaders/GpuScannerV2/Bits.compute kernel=get_bits cachingPP=1 ppOnly=0 stripLineD=0 buildPlatform=13 km=<UNITY_VERSION=202139> pKW=UNITY_NO_RGBM UNITY_ENABLE_REFLECTION_BUFFERS UNITY_NO_CUBEMAP_ARRAY UNITY_NO_SCREENSPACE_SHADOWS UNITY_PBS_USE_BRDF3 UNITY_NO_FULL_STANDARD_SHADER SHADER_API_MOBILE UNITY_COLORSPACE_GAMMA UNITY_LIGHTMAP_RGBM_ENCODING UNITY_PRETRANSFORM_TO_DISPLAY_ORIENTATION UNITY_ASTC_NORMALMAP_ENCODING uKW=SHADER_STAGE_COMPUTE platform=vulkan flags=268439552 reqs=16385 forceDXC=0 forceFXC=0  error: 1 plat 18 at /Users/daai6ga1hou2/Documents/GitHub/simple-shared-ar-experience/Library/PackageCache/com.aukilabs.unity.manna@0.6.58/Runtime/Resources/Shaders/GpuScannerV2/Drilling.cginc(117): use of potentially uninitialized variable (drill_along_line)
  error: 1 plat 18 at /Users/daai6ga1hou2/Documents/GitHub/simple-shared-ar-experience/Library/PackageCache/com.aukilabs.unity.manna@0.6.58/Runtime/Resources/Shaders/GpuScannerV2/Drilling.cginc(128): integer divides may be much slower, try using uints if possible.
  error: 1 plat 18 at /Users/daai6ga1hou2/Documents/GitHub/simple-shared-ar-experience/Library/PackageCache/com.aukilabs.unity.manna@0.6.58/Runtime/Resources/Shaders/GpuScannerV2/Drilling.cginc(231): use of potentially uninitialized variable (get_middle_point_between_edges)
  error: 1 plat 18 at /Users/daai6ga1hou2/Documents/GitHub/simple-shared-ar-experience/Library/PackageCache/com.aukilabs.unity.manna@0.6.58/Runtime/Resources/Shaders/GpuScannerV2/Drilling.cginc(241): use of potentially uninitialized variable (get_intersection_point)
 ok=1 outsize=327742

Cmd: compileComputeKernel
  insize=23243 file=Packages/com.aukilabs.unity.manna/Runtime/Resources/Shaders/GpuScannerV2/Bits.compute kernel=clear_buffers cachingPP=1 ppOnly=0 stripLineD=0 buildPlatform=20 km=<UNITY_VERSION=202139> pKW=UNITY_ENABLE_REFLECTION_BUFFERS UNITY_USE_DITHER_MASK_FOR_ALPHABLENDED_SHADOWS UNITY_PBS_USE_BRDF1 UNITY_SPECCUBE_BOX_PROJECTION UNITY_SPECCUBE_BLENDING UNITY_ENABLE_DETAIL_NORMALMAP SHADER_API_DESKTOP UNITY_COLORSPACE_GAMMA UNITY_LIGHT_PROBE_PROXY_VOLUME UNITY_LIGHTMAP_FULL_HDR uKW=SHADER_STAGE_COMPUTE platform=gles3 flags=4096 reqs=16385 forceDXC=0 forceFXC=0 ok=1 outsize=1258

Cmd: compileComputeKernel
  insize=16000 file=Packages/com.aukilabs.unity.manna/Runtime/Resources/Shaders/GpuScannerV3/Bits.compute kernel=get_geometry cachingPP=1 ppOnly=0 stripLineD=0 buildPlatform=20 km=<UNITY_VERSION=202139> pKW=UNITY_ENABLE_REFLECTION_BUFFERS UNITY_USE_DITHER_MASK_FOR_ALPHABLENDED_SHADOWS UNITY_PBS_USE_BRDF1 UNITY_SPECCUBE_BOX_PROJECTION UNITY_SPECCUBE_BLENDING UNITY_ENABLE_DETAIL_NORMALMAP SHADER_API_DESKTOP UNITY_COLORSPACE_GAMMA UNITY_LIGHT_PROBE_PROXY_VOLUME UNITY_LIGHTMAP_FULL_HDR uKW=SHADER_STAGE_COMPUTE platform=gles3 flags=4096 reqs=16385 forceDXC=0 forceFXC=0  error: 1 plat 9 at (0): Program 'get_geometry', warning X4714: sum of temp registers and indexable temp registers times 64 threads exceeds the recommended total 16384.  Performance may be reduced
  error: 1 plat 9 at Bits.compute(159): 'i': loop control variable conflicts with a previous declaration in the outer scope; most recent declaration will be used
  error: 1 plat 9 at Bits.compute(300): 'i': loop control variable conflicts with a previous declaration in the outer scope; most recent declaration will be used
 ok=1 outsize=181857

Cmd: compileComputeKernel
  insize=13158 file=Packages/com.aukilabs.unity.manna/Runtime/Resources/Shaders/GpuScannerV3/Finders.compute kernel=draw_finder_candidates cachingPP=1 ppOnly=0 stripLineD=0 buildPlatform=20 km=<UNITY_VERSION=202139> pKW=UNITY_ENABLE_REFLECTION_BUFFERS UNITY_USE_DITHER_MASK_FOR_ALPHABLENDED_SHADOWS UNITY_PBS_USE_BRDF1 UNITY_SPECCUBE_BOX_PROJECTION UNITY_SPECCUBE_BLENDING UNITY_ENABLE_DETAIL_NORMALMAP SHADER_API_DESKTOP UNITY_COLORSPACE_GAMMA UNITY_LIGHT_PROBE_PROXY_VOLUME UNITY_LIGHTMAP_FULL_HDR uKW=SHADER_STAGE_COMPUTE platform=gles3 flags=4096 reqs=16385 forceDXC=0 forceFXC=0  error: 1 plat 9 at Finders.compute(220): 'i': loop control variable conflicts with a previous declaration in the outer scope; most recent declaration will be used
  error: 1 plat 9 at Finders.compute(230): 'i': loop control variable conflicts with a previous declaration in the outer scope; most recent declaration will be used
  error: 1 plat 9 at Finders.compute(240): 'i': loop control variable conflicts with a previous declaration in the outer scope; most recent declaration will be used
  error: 1 plat 9 at Finders.compute(275): 'i': loop control variable conflicts with a previous declaration in the outer scope; most recent declaration will be used
 ok=1 outsize=39119

Cmd: compileComputeKernel
  insize=6355 file=Packages/com.aukilabs.unity.manna/Runtime/Resources/Shaders/GpuScannerV1/Finders.compute kernel=merge_finders cachingPP=1 ppOnly=0 stripLineD=0 buildPlatform=20 km=<UNITY_VERSION=202139> pKW=UNITY_ENABLE_REFLECTION_BUFFERS UNITY_USE_DITHER_MASK_FOR_ALPHABLENDED_SHADOWS UNITY_PBS_USE_BRDF1 UNITY_SPECCUBE_BOX_PROJECTION UNITY_SPECCUBE_BLENDING UNITY_ENABLE_DETAIL_NORMALMAP SHADER_API_DESKTOP UNITY_COLORSPACE_GAMMA UNITY_LIGHT_PROBE_PROXY_VOLUME UNITY_LIGHTMAP_FULL_HDR uKW=SHADER_STAGE_COMPUTE platform=gles3 flags=4096 reqs=16385 forceDXC=0 forceFXC=0 ok=1 outsize=2006

Cmd: shutdown
